<?xml version="1.0" encoding="utf-8" standalone="no"?>
<test-run id="0" runstate="Runnable" testcasecount="2" result="Passed" total="1" passed="1" failed="0" warnings="0" inconclusive="0" skipped="0" asserts="1" engine-version="3.16.0.0" clr-version="4.0.30319.42000" start-time="2022-12-17 14:16:01Z" end-time="2022-12-17 14:16:08Z" duration="7.381470">
  <command-line><![CDATA["C:\Users\Arshak Hayryan\Desktop\TestProject1\TestProject1\nunit.consolerunner\3.16.0\tools\nunit3-console.exe" .\bin\Debug\net6.0-windows\TestProject1.dll --params:Suite=Smoke --where "class =~ Case2"]]></command-line>
  <filter>
    <class re="1">Case2</class>
  </filter>
  <test-suite type="Assembly" id="1-1004" name="TestProject1.dll" fullname="C:/Users/Arshak Hayryan/Desktop/TestProject1/TestProject1/bin/Debug/net6.0-windows/TestProject1.dll" runstate="Runnable" testcasecount="2" result="Passed" start-time="2022-12-17T14:16:01.8326442Z" end-time="2022-12-17T14:16:08.7439319Z" duration="6.911220" total="1" passed="1" failed="0" warnings="0" inconclusive="0" skipped="0" asserts="1">
    <environment framework-version="3.13.3.0" clr-version="6.0.8" os-version="Microsoft Windows 10.0.22621" platform="Win32NT" cwd="C:\Users\Arshak Hayryan\Desktop\TestProject1\TestProject1" machine-name="DESKTOP-KQITALH" user="Arshak Hayryan" user-domain="DESKTOP-KQITALH" culture="en-US" uiculture="en-US" os-architecture="x64" />
    <settings>
      <setting name="DisposeRunners" value="True" />
      <setting name="WorkDirectory" value="C:\Users\Arshak Hayryan\Desktop\TestProject1\TestProject1" />
      <setting name="TestParametersDictionary" value="[Suite, Smoke]">
        <item key="Suite" value="Smoke" />
      </setting>
      <setting name="TestParameters" value="Suite=Smoke" />
      <setting name="ImageRuntimeVersion" value="4.0.30319" />
      <setting name="ImageTargetFrameworkName" value=".NETCoreApp,Version=v6.0" />
      <setting name="ImageRequiresX86" value="False" />
      <setting name="ImageRequiresDefaultAppDomainAssemblyResolver" value="False" />
      <setting name="TargetRuntimeFramework" value="netcore-6.0" />
      <setting name="NumberOfTestWorkers" value="12" />
    </settings>
    <properties>
      <property name="_PID" value="21328" />
      <property name="_APPDOMAIN" value="nunit-agent" />
    </properties>
    <test-suite type="TestSuite" id="1-1005" name="TestProject1" fullname="TestProject1" runstate="Runnable" testcasecount="2" result="Passed" start-time="2022-12-17T14:16:01.8372512Z" end-time="2022-12-17T14:16:08.7439187Z" duration="6.906667" total="1" passed="1" failed="0" warnings="0" inconclusive="0" skipped="0" asserts="1">
      <test-suite type="TestFixture" id="1-1002" name="Case2" fullname="TestProject1.Case2" classname="TestProject1.Case2" runstate="Runnable" testcasecount="1" result="Passed" start-time="2022-12-17T14:16:01.8382675Z" end-time="2022-12-17T14:16:08.7435641Z" duration="6.905297" total="1" passed="1" failed="0" warnings="0" inconclusive="0" skipped="0" asserts="1">
        <properties>
          <property name="TestAttributes" value="Smoke" />
        </properties>
        <test-case id="1-1003" name="VerifyUserCanShowPassword" fullname="TestProject1.Case2.VerifyUserCanShowPassword" methodname="VerifyUserCanShowPassword" classname="TestProject1.Case2" runstate="Runnable" seed="1136172759" result="Passed" start-time="2022-12-17T14:16:01.8631897Z" end-time="2022-12-17T14:16:08.6850922Z" duration="6.821971" asserts="1" />
      </test-suite>
    </test-suite>
  </test-suite>
</test-run>